1539169942298	mozrunner::runner	INFO	Running command: "/usr/bin/firefox" "-marionette" "-foreground" "-no-remote" "-profile" "/tmp/rust_mozprofile.4epiw4cM1VOF"
1539169945865	Marionette	INFO	Listening on port 38013
1539169945971	Marionette	WARN	TLS certificate errors will be ignored for this session
[GFX1-]: Receive IPC close with reason=AbnormalShutdown
[Child 12572, Chrome_ChildThread] WARNING: pipe error (3): Connection reset by peer: file /build/firefox-SAtaq0/firefox-61.0.1+linuxmint1+tara/ipc/chromium/src/chrome/common/ipc_channel_posix.cc, line 353
[Child 12504, Chrome_ChildThread] WARNING: pipe error (18): Connection reset by peer: file /build/firefox-SAtaq0/firefox-61.0.1+linuxmint1+tara/ipc/chromium/src/chrome/common/ipc_channel_posix.cc, line 353
1539170105867	mozrunner::runner	INFO	Running command: "/usr/bin/firefox" "-marionette" "--headless" "-foreground" "-no-remote" "-profile" "/tmp/rust_mozprofile.ilgCKqoiamHB"
*** You are running in headless mode.
1539170107589	Marionette	INFO	Listening on port 37907
1539170107715	Marionette	WARN	TLS certificate errors will be ignored for this session
1539170285098	mozrunner::runner	INFO	Running command: "/usr/bin/firefox" "-marionette" "-foreground" "-no-remote" "-profile" "/tmp/rust_mozprofile.EbaZVsKyCy7p"
1539170290885	Marionette	INFO	Listening on port 40177
1539170290948	Marionette	WARN	TLS certificate errors will be ignored for this session
JavaScript error: https://www.nhaccuatui.com/bai-hat/nham-mat-thay-mua-he-nham-mat-thay-mua-he-ost-nguyen-ha.btmm6eYyZzW4.html, line 1: ReferenceError: event is not defined
JavaScript error: https://apinas.nct.vn/v4/nqc?lk=aAjEnJc2XNMefLcpkFyEbNUSg386b3ze&type=4&, line 1: SyntaxError: unexpected token: ':'
1539170396356	mozrunner::runner	INFO	Running command: "/usr/bin/firefox" "-marionette" "-foreground" "-no-remote" "-profile" "/tmp/rust_mozprofile.7WI1iSIVVMy2"
1539170409224	Marionette	INFO	Listening on port 45793
1539170409332	Marionette	WARN	TLS certificate errors will be ignored for this session
IPDL protocol error: Handler returned error code!

###!!! [Parent][DispatchAsyncMessage] Error: PLayerTransaction::Msg_ReleaseLayer Processing error: message was deserialized, but the handler returned false (indicating failure)

IPDL protocol error: Handler returned error code!

###!!! [Parent][DispatchAsyncMessage] Error: PLayerTransaction::Msg_ReleaseLayer Processing error: message was deserialized, but the handler returned false (indicating failure)

IPDL protocol error: Handler returned error code!

###!!! [Parent][DispatchAsyncMessage] Error: PLayerTransaction::Msg_ReleaseLayer Processing error: message was deserialized, but the handler returned false (indicating failure)

IPDL protocol error: Handler returned error code!

###!!! [Parent][DispatchAsyncMessage] Error: PLayerTransaction::Msg_ReleaseLayer Processing error: message was deserialized, but the handler returned false (indicating failure)

IPDL protocol error: Handler returned error code!

###!!! [Parent][DispatchAsyncMessage] Error: PLayerTransaction::Msg_ReleaseLayer Processing error: message was deserialized, but the handler returned false (indicating failure)

JavaScript error: https://s0.2mdn.net/ads/studio/cached_libs/createjs_2015.11.26_54e1c3722102182bb133912ad4442e19_min.js, line 15: NS_ERROR_NOT_INITIALIZED: 
*** UTM:SVC TimerManager:registerTimer called after profile-before-change notification. Ignoring timer registration for id: telemetry_modules_ping
1539170445638	mozrunner::runner	INFO	Running command: "/usr/bin/firefox" "-marionette" "-foreground" "-no-remote" "-profile" "/tmp/rust_mozprofile.G9JZ00BYujGM"
1539170449781	Marionette	INFO	Listening on port 36683
1539170449844	Marionette	WARN	TLS certificate errors will be ignored for this session
JavaScript error: https://www.nhaccuatui.com/bai-hat/nham-mat-thay-mua-he-nham-mat-thay-mua-he-ost-nguyen-ha.btmm6eYyZzW4.html, line 1: ReferenceError: event is not defined
JavaScript error: https://www.nhaccuatui.com/bai-hat/nham-mat-thay-mua-he-nham-mat-thay-mua-he-ost-nguyen-ha.btmm6eYyZzW4.html, line 1: ReferenceError: event is not defined
JavaScript error: https://www.nhaccuatui.com/bai-hat/nham-mat-thay-mua-he-nham-mat-thay-mua-he-ost-nguyen-ha.btmm6eYyZzW4.html, line 1: ReferenceError: event is not defined
JavaScript error: https://apinas.nct.vn/v4/nqc?lk=aAjEnJc2XNNC0AULfDJvqVmRmXPbgjvm&type=4&, line 1: SyntaxError: unexpected token: ':'
JavaScript error: https://www.nhaccuatui.com/bai-hat/nham-mat-thay-mua-he-nham-mat-thay-mua-he-ost-nguyen-ha.btmm6eYyZzW4.html, line 1: ReferenceError: event is not defined
IPDL protocol error: Handler returned error code!

###!!! [Parent][DispatchAsyncMessage] Error: PLayerTransaction::Msg_ReleaseLayer Processing error: message was deserialized, but the handler returned false (indicating failure)

IPDL protocol error: Handler returned error code!

###!!! [Parent][DispatchAsyncMessage] Error: PLayerTransaction::Msg_ReleaseLayer Processing error: message was deserialized, but the handler returned false (indicating failure)

IPDL protocol error: Handler returned error code!

###!!! [Parent][DispatchAsyncMessage] Error: PLayerTransaction::Msg_ReleaseLayer Processing error: message was deserialized, but the handler returned false (indicating failure)

IPDL protocol error: Handler returned error code!

###!!! [Parent][DispatchAsyncMessage] Error: PLayerTransaction::Msg_ReleaseLayer Processing error: message was deserialized, but the handler returned false (indicating failure)

IPDL protocol error: Handler returned error code!

###!!! [Parent][DispatchAsyncMessage] Error: PLayerTransaction::Msg_ReleaseLayer Processing error: message was deserialized, but the handler returned false (indicating failure)

IPDL protocol error: Handler returned error code!

###!!! [Parent][DispatchAsyncMessage] Error: PLayerTransaction::Msg_ReleaseLayer Processing error: message was deserialized, but the handler returned false (indicating failure)

IPDL protocol error: Handler returned error code!

###!!! [Parent][DispatchAsyncMessage] Error: PLayerTransaction::Msg_ReleaseLayer Processing error: message was deserialized, but the handler returned false (indicating failure)

IPDL protocol error: Handler returned error code!

###!!! [Parent][DispatchAsyncMessage] Error: PLayerTransaction::Msg_ReleaseLayer Processing error: message was deserialized, but the handler returned false (indicating failure)

IPDL protocol error: Handler returned error code!

###!!! [Parent][DispatchAsyncMessage] Error: PLayerTransaction::Msg_ReleaseLayer Processing error: message was deserialized, but the handler returned false (indicating failure)

IPDL protocol error: Handler returned error code!

###!!! [Parent][DispatchAsyncMessage] Error: PLayerTransaction::Msg_ReleaseLayer Processing error: message was deserialized, but the handler returned false (indicating failure)

IPDL protocol error: Handler returned error code!

###!!! [Parent][DispatchAsyncMessage] Error: PLayerTransaction::Msg_ReleaseLayer Processing error: message was deserialized, but the handler returned false (indicating failure)

IPDL protocol error: Handler returned error code!

###!!! [Parent][DispatchAsyncMessage] Error: PLayerTransaction::Msg_ReleaseLayer Processing error: message was deserialized, but the handler returned false (indicating failure)

IPDL protocol error: Handler returned error code!

###!!! [Parent][DispatchAsyncMessage] Error: PLayerTransaction::Msg_ReleaseLayer Processing error: message was deserialized, but the handler returned false (indicating failure)

IPDL protocol error: Handler returned error code!

###!!! [Parent][DispatchAsyncMessage] Error: PLayerTransaction::Msg_ReleaseLayer Processing error: message was deserialized, but the handler returned false (indicating failure)

IPDL protocol error: Handler returned error code!

###!!! [Parent][DispatchAsyncMessage] Error: PLayerTransaction::Msg_ReleaseLayer Processing error: message was deserialized, but the handler returned false (indicating failure)

IPDL protocol error: Handler returned error code!

###!!! [Parent][DispatchAsyncMessage] Error: PLayerTransaction::Msg_ReleaseLayer Processing error: message was deserialized, but the handler returned false (indicating failure)

IPDL protocol error: Handler returned error code!

###!!! [Parent][DispatchAsyncMessage] Error: PLayerTransaction::Msg_ReleaseLayer Processing error: message was deserialized, but the handler returned false (indicating failure)

IPDL protocol error: Handler returned error code!

###!!! [Parent][DispatchAsyncMessage] Error: PLayerTransaction::Msg_ReleaseLayer Processing error: message was deserialized, but the handler returned false (indicating failure)

IPDL protocol error: Handler returned error code!

###!!! [Parent][DispatchAsyncMessage] Error: PLayerTransaction::Msg_ReleaseLayer Processing error: message was deserialized, but the handler returned false (indicating failure)

IPDL protocol error: Handler returned error code!

###!!! [Parent][DispatchAsyncMessage] Error: PLayerTransaction::Msg_ReleaseLayer Processing error: message was deserialized, but the handler returned false (indicating failure)

IPDL protocol error: Handler returned error code!

###!!! [Parent][DispatchAsyncMessage] Error: PLayerTransaction::Msg_ReleaseLayer Processing error: message was deserialized, but the handler returned false (indicating failure)

IPDL protocol error: Handler returned error code!

###!!! [Parent][DispatchAsyncMessage] Error: PLayerTransaction::Msg_ReleaseLayer Processing error: message was deserialized, but the handler returned false (indicating failure)

IPDL protocol error: Handler returned error code!

###!!! [Parent][DispatchAsyncMessage] Error: PLayerTransaction::Msg_ReleaseLayer Processing error: message was deserialized, but the handler returned false (indicating failure)

IPDL protocol error: Handler returned error code!

###!!! [Parent][DispatchAsyncMessage] Error: PLayerTransaction::Msg_ReleaseLayer Processing error: message was deserialized, but the handler returned false (indicating failure)

IPDL protocol error: Handler returned error code!

###!!! [Parent][DispatchAsyncMessage] Error: PLayerTransaction::Msg_ReleaseLayer Processing error: message was deserialized, but the handler returned false (indicating failure)

IPDL protocol error: Handler returned error code!

###!!! [Parent][DispatchAsyncMessage] Error: PLayerTransaction::Msg_ReleaseLayer Processing error: message was deserialized, but the handler returned false (indicating failure)

IPDL protocol error: Handler returned error code!

###!!! [Parent][DispatchAsyncMessage] Error: PLayerTransaction::Msg_ReleaseLayer Processing error: message was deserialized, but the handler returned false (indicating failure)

IPDL protocol error: Handler returned error code!

###!!! [Parent][DispatchAsyncMessage] Error: PLayerTransaction::Msg_ReleaseLayer Processing error: message was deserialized, but the handler returned false (indicating failure)

IPDL protocol error: Handler returned error code!

###!!! [Parent][DispatchAsyncMessage] Error: PLayerTransaction::Msg_ReleaseLayer Processing error: message was deserialized, but the handler returned false (indicating failure)

IPDL protocol error: Handler returned error code!

###!!! [Parent][DispatchAsyncMessage] Error: PLayerTransaction::Msg_ReleaseLayer Processing error: message was deserialized, but the handler returned false (indicating failure)

IPDL protocol error: Handler returned error code!

###!!! [Parent][DispatchAsyncMessage] Error: PLayerTransaction::Msg_ReleaseLayer Processing error: message was deserialized, but the handler returned false (indicating failure)

IPDL protocol error: Handler returned error code!

###!!! [Parent][DispatchAsyncMessage] Error: PLayerTransaction::Msg_ReleaseLayer Processing error: message was deserialized, but the handler returned false (indicating failure)

IPDL protocol error: Handler returned error code!

###!!! [Parent][DispatchAsyncMessage] Error: PLayerTransaction::Msg_ReleaseLayer Processing error: message was deserialized, but the handler returned false (indicating failure)

IPDL protocol error: Handler returned error code!

###!!! [Parent][DispatchAsyncMessage] Error: PLayerTransaction::Msg_ReleaseLayer Processing error: message was deserialized, but the handler returned false (indicating failure)

IPDL protocol error: Handler returned error code!

###!!! [Parent][DispatchAsyncMessage] Error: PLayerTransaction::Msg_ReleaseLayer Processing error: message was deserialized, but the handler returned false (indicating failure)

IPDL protocol error: Handler returned error code!

###!!! [Parent][DispatchAsyncMessage] Error: PLayerTransaction::Msg_ReleaseLayer Processing error: message was deserialized, but the handler returned false (indicating failure)

IPDL protocol error: Handler returned error code!

###!!! [Parent][DispatchAsyncMessage] Error: PLayerTransaction::Msg_ReleaseLayer Processing error: message was deserialized, but the handler returned false (indicating failure)

IPDL protocol error: Handler returned error code!

###!!! [Parent][DispatchAsyncMessage] Error: PLayerTransaction::Msg_ReleaseLayer Processing error: message was deserialized, but the handler returned false (indicating failure)

IPDL protocol error: Handler returned error code!

###!!! [Parent][DispatchAsyncMessage] Error: PLayerTransaction::Msg_ReleaseLayer Processing error: message was deserialized, but the handler returned false (indicating failure)

IPDL protocol error: Handler returned error code!

###!!! [Parent][DispatchAsyncMessage] Error: PLayerTransaction::Msg_ReleaseLayer Processing error: message was deserialized, but the handler returned false (indicating failure)

IPDL protocol error: Handler returned error code!

###!!! [Parent][DispatchAsyncMessage] Error: PLayerTransaction::Msg_ReleaseLayer Processing error: message was deserialized, but the handler returned false (indicating failure)

IPDL protocol error: Handler returned error code!

###!!! [Parent][DispatchAsyncMessage] Error: PLayerTransaction::Msg_ReleaseLayer Processing error: message was deserialized, but the handler returned false (indicating failure)

IPDL protocol error: Handler returned error code!

###!!! [Parent][DispatchAsyncMessage] Error: PLayerTransaction::Msg_ReleaseLayer Processing error: message was deserialized, but the handler returned false (indicating failure)

IPDL protocol error: Handler returned error code!

###!!! [Parent][DispatchAsyncMessage] Error: PLayerTransaction::Msg_ReleaseLayer Processing error: message was deserialized, but the handler returned false (indicating failure)

IPDL protocol error: Handler returned error code!

###!!! [Parent][DispatchAsyncMessage] Error: PLayerTransaction::Msg_ReleaseLayer Processing error: message was deserialized, but the handler returned false (indicating failure)

IPDL protocol error: Handler returned error code!

###!!! [Parent][DispatchAsyncMessage] Error: PLayerTransaction::Msg_ReleaseLayer Processing error: message was deserialized, but the handler returned false (indicating failure)

IPDL protocol error: Handler returned error code!

###!!! [Parent][DispatchAsyncMessage] Error: PLayerTransaction::Msg_ReleaseLayer Processing error: message was deserialized, but the handler returned false (indicating failure)

IPDL protocol error: Handler returned error code!

###!!! [Parent][DispatchAsyncMessage] Error: PLayerTransaction::Msg_ReleaseLayer Processing error: message was deserialized, but the handler returned false (indicating failure)

IPDL protocol error: Handler returned error code!

###!!! [Parent][DispatchAsyncMessage] Error: PLayerTransaction::Msg_ReleaseLayer Processing error: message was deserialized, but the handler returned false (indicating failure)

IPDL protocol error: Handler returned error code!

###!!! [Parent][DispatchAsyncMessage] Error: PLayerTransaction::Msg_ReleaseLayer Processing error: message was deserialized, but the handler returned false (indicating failure)

IPDL protocol error: Handler returned error code!

###!!! [Parent][DispatchAsyncMessage] Error: PLayerTransaction::Msg_ReleaseLayer Processing error: message was deserialized, but the handler returned false (indicating failure)

IPDL protocol error: Handler returned error code!

###!!! [Parent][DispatchAsyncMessage] Error: PLayerTransaction::Msg_ReleaseLayer Processing error: message was deserialized, but the handler returned false (indicating failure)

IPDL protocol error: Handler returned error code!

###!!! [Parent][DispatchAsyncMessage] Error: PLayerTransaction::Msg_ReleaseLayer Processing error: message was deserialized, but the handler returned false (indicating failure)

IPDL protocol error: Handler returned error code!

###!!! [Parent][DispatchAsyncMessage] Error: PLayerTransaction::Msg_ReleaseLayer Processing error: message was deserialized, but the handler returned false (indicating failure)

IPDL protocol error: Handler returned error code!

###!!! [Parent][DispatchAsyncMessage] Error: PLayerTransaction::Msg_ReleaseLayer Processing error: message was deserialized, but the handler returned false (indicating failure)

IPDL protocol error: Handler returned error code!

###!!! [Parent][DispatchAsyncMessage] Error: PLayerTransaction::Msg_ReleaseLayer Processing error: message was deserialized, but the handler returned false (indicating failure)

IPDL protocol error: Handler returned error code!

###!!! [Parent][DispatchAsyncMessage] Error: PLayerTransaction::Msg_ReleaseLayer Processing error: message was deserialized, but the handler returned false (indicating failure)

IPDL protocol error: Handler returned error code!

###!!! [Parent][DispatchAsyncMessage] Error: PLayerTransaction::Msg_ReleaseLayer Processing error: message was deserialized, but the handler returned false (indicating failure)

IPDL protocol error: Handler returned error code!

###!!! [Parent][DispatchAsyncMessage] Error: PLayerTransaction::Msg_ReleaseLayer Processing error: message was deserialized, but the handler returned false (indicating failure)

IPDL protocol error: Handler returned error code!

###!!! [Parent][DispatchAsyncMessage] Error: PLayerTransaction::Msg_ReleaseLayer Processing error: message was deserialized, but the handler returned false (indicating failure)

IPDL protocol error: Handler returned error code!

###!!! [Parent][DispatchAsyncMessage] Error: PLayerTransaction::Msg_ReleaseLayer Processing error: message was deserialized, but the handler returned false (indicating failure)

IPDL protocol error: Handler returned error code!

###!!! [Parent][DispatchAsyncMessage] Error: PLayerTransaction::Msg_ReleaseLayer Processing error: message was deserialized, but the handler returned false (indicating failure)

IPDL protocol error: Handler returned error code!

###!!! [Parent][DispatchAsyncMessage] Error: PLayerTransaction::Msg_ReleaseLayer Processing error: message was deserialized, but the handler returned false (indicating failure)

IPDL protocol error: Handler returned error code!

###!!! [Parent][DispatchAsyncMessage] Error: PLayerTransaction::Msg_ReleaseLayer Processing error: message was deserialized, but the handler returned false (indicating failure)

IPDL protocol error: Handler returned error code!

###!!! [Parent][DispatchAsyncMessage] Error: PLayerTransaction::Msg_ReleaseLayer Processing error: message was deserialized, but the handler returned false (indicating failure)

IPDL protocol error: Handler returned error code!

###!!! [Parent][DispatchAsyncMessage] Error: PLayerTransaction::Msg_ReleaseLayer Processing error: message was deserialized, but the handler returned false (indicating failure)

IPDL protocol error: Handler returned error code!

###!!! [Parent][DispatchAsyncMessage] Error: PLayerTransaction::Msg_ReleaseLayer Processing error: message was deserialized, but the handler returned false (indicating failure)

IPDL protocol error: Handler returned error code!

###!!! [Parent][DispatchAsyncMessage] Error: PLayerTransaction::Msg_ReleaseLayer Processing error: message was deserialized, but the handler returned false (indicating failure)

IPDL protocol error: Handler returned error code!

###!!! [Parent][DispatchAsyncMessage] Error: PLayerTransaction::Msg_ReleaseLayer Processing error: message was deserialized, but the handler returned false (indicating failure)

IPDL protocol error: Handler returned error code!

###!!! [Parent][DispatchAsyncMessage] Error: PLayerTransaction::Msg_ReleaseLayer Processing error: message was deserialized, but the handler returned false (indicating failure)

IPDL protocol error: Handler returned error code!

###!!! [Parent][DispatchAsyncMessage] Error: PLayerTransaction::Msg_ReleaseLayer Processing error: message was deserialized, but the handler returned false (indicating failure)

IPDL protocol error: Handler returned error code!

###!!! [Parent][DispatchAsyncMessage] Error: PLayerTransaction::Msg_ReleaseLayer Processing error: message was deserialized, but the handler returned false (indicating failure)

IPDL protocol error: Handler returned error code!

###!!! [Parent][DispatchAsyncMessage] Error: PLayerTransaction::Msg_ReleaseLayer Processing error: message was deserialized, but the handler returned false (indicating failure)

IPDL protocol error: Handler returned error code!

###!!! [Parent][DispatchAsyncMessage] Error: PLayerTransaction::Msg_ReleaseLayer Processing error: message was deserialized, but the handler returned false (indicating failure)

IPDL protocol error: Handler returned error code!

###!!! [Parent][DispatchAsyncMessage] Error: PLayerTransaction::Msg_ReleaseLayer Processing error: message was deserialized, but the handler returned false (indicating failure)

IPDL protocol error: Handler returned error code!

###!!! [Parent][DispatchAsyncMessage] Error: PLayerTransaction::Msg_ReleaseLayer Processing error: message was deserialized, but the handler returned false (indicating failure)

IPDL protocol error: Handler returned error code!

###!!! [Parent][DispatchAsyncMessage] Error: PLayerTransaction::Msg_ReleaseLayer Processing error: message was deserialized, but the handler returned false (indicating failure)

IPDL protocol error: Handler returned error code!

###!!! [Parent][DispatchAsyncMessage] Error: PLayerTransaction::Msg_ReleaseLayer Processing error: message was deserialized, but the handler returned false (indicating failure)

IPDL protocol error: Handler returned error code!

###!!! [Parent][DispatchAsyncMessage] Error: PLayerTransaction::Msg_ReleaseLayer Processing error: message was deserialized, but the handler returned false (indicating failure)

IPDL protocol error: Handler returned error code!

###!!! [Parent][DispatchAsyncMessage] Error: PLayerTransaction::Msg_ReleaseLayer Processing error: message was deserialized, but the handler returned false (indicating failure)

IPDL protocol error: Handler returned error code!

###!!! [Parent][DispatchAsyncMessage] Error: PLayerTransaction::Msg_ReleaseLayer Processing error: message was deserialized, but the handler returned false (indicating failure)

IPDL protocol error: Handler returned error code!

###!!! [Parent][DispatchAsyncMessage] Error: PLayerTransaction::Msg_ReleaseLayer Processing error: message was deserialized, but the handler returned false (indicating failure)

IPDL protocol error: Handler returned error code!

###!!! [Parent][DispatchAsyncMessage] Error: PLayerTransaction::Msg_ReleaseLayer Processing error: message was deserialized, but the handler returned false (indicating failure)

IPDL protocol error: Handler returned error code!

###!!! [Parent][DispatchAsyncMessage] Error: PLayerTransaction::Msg_ReleaseLayer Processing error: message was deserialized, but the handler returned false (indicating failure)

IPDL protocol error: Handler returned error code!

###!!! [Parent][DispatchAsyncMessage] Error: PLayerTransaction::Msg_ReleaseLayer Processing error: message was deserialized, but the handler returned false (indicating failure)

IPDL protocol error: Handler returned error code!

###!!! [Parent][DispatchAsyncMessage] Error: PLayerTransaction::Msg_ReleaseLayer Processing error: message was deserialized, but the handler returned false (indicating failure)

IPDL protocol error: Handler returned error code!

###!!! [Parent][DispatchAsyncMessage] Error: PLayerTransaction::Msg_ReleaseLayer Processing error: message was deserialized, but the handler returned false (indicating failure)

1539170570395	mozrunner::runner	INFO	Running command: "/usr/bin/firefox" "-marionette" "-foreground" "-no-remote" "-profile" "/tmp/rust_mozprofile.FhUH7wVBbD3d"
1539170573219	Marionette	INFO	Listening on port 39649
1539170573234	Marionette	WARN	TLS certificate errors will be ignored for this session
JavaScript error: https://www.nhaccuatui.com/bai-hat/nham-mat-thay-mua-he-nham-mat-thay-mua-he-ost-nguyen-ha.btmm6eYyZzW4.html, line 1: ReferenceError: event is not defined
JavaScript error: https://apinas.nct.vn/v4/nqc?lk=CxvwEzK20HX3HNyYdy7djzktMEH%2BbJgo&type=4&, line 1: SyntaxError: unexpected token: ':'
JavaScript error: https://www.nhaccuatui.com/bai-hat/nham-mat-thay-mua-he-nham-mat-thay-mua-he-ost-nguyen-ha.btmm6eYyZzW4.html, line 1: ReferenceError: event is not defined
JavaScript error: https://www.nhaccuatui.com/bai-hat/nham-mat-thay-mua-he-nham-mat-thay-mua-he-ost-nguyen-ha.btmm6eYyZzW4.html, line 1: ReferenceError: event is not defined
JavaScript error: https://www.nhaccuatui.com/bai-hat/nham-mat-thay-mua-he-nham-mat-thay-mua-he-ost-nguyen-ha.btmm6eYyZzW4.html, line 1: ReferenceError: event is not defined
JavaScript error: https://www.nhaccuatui.com/bai-hat/nham-mat-thay-mua-he-nham-mat-thay-mua-he-ost-nguyen-ha.btmm6eYyZzW4.html, line 1: ReferenceError: event is not defined
JavaScript error: https://www.nhaccuatui.com/bai-hat/nham-mat-thay-mua-he-nham-mat-thay-mua-he-ost-nguyen-ha.btmm6eYyZzW4.html, line 1: ReferenceError: event is not defined
JavaScript error: https://www.nhaccuatui.com/bai-hat/nham-mat-thay-mua-he-nham-mat-thay-mua-he-ost-nguyen-ha.btmm6eYyZzW4.html, line 1: ReferenceError: event is not defined
JavaScript error: https://www.nhaccuatui.com/bai-hat/nham-mat-thay-mua-he-nham-mat-thay-mua-he-ost-nguyen-ha.btmm6eYyZzW4.html, line 1: ReferenceError: event is not defined
JavaScript error: https://www.nhaccuatui.com/bai-hat/nham-mat-thay-mua-he-nham-mat-thay-mua-he-ost-nguyen-ha.btmm6eYyZzW4.html, line 1: ReferenceError: event is not defined
JavaScript error: https://www.nhaccuatui.com/bai-hat/nham-mat-thay-mua-he-nham-mat-thay-mua-he-ost-nguyen-ha.btmm6eYyZzW4.html, line 1: ReferenceError: event is not defined
JavaScript warning: https://nhac.vn/min/serve/g/396b48f39cee84919f5dd05781995774/lm/1537839006, line 319: unreachable code after return statement
JavaScript warning: https://nhac.vn/min/serve/g/396b48f39cee84919f5dd05781995774/lm/1537839006, line 319: unreachable code after return statement
JavaScript error: https://www.nhaccuatui.com/bai-hat/ta-co-hen-voi-thang-5-nguyen-ha.G973A3EyD507.html, line 1: ReferenceError: event is not defined

(/usr/lib/firefox/firefox:14168): dconf-WARNING **: 18:24:40.027: Unable to open /var/lib/flatpak/exports/share/dconf/profile/user: Permission denied
JavaScript error: https://vegaid.vn/oauth/accounts/Popup/SignupSNS.aspx?typesns=GG&state=https%3a%2f%2fvegaid.vn%2f%2foauth%2faccounts%2fsso%2flogin%2fdefault.aspx%3fsid%3d200070%26ur%3dhttps%253a%252f%252fidgraph.vegaid.vn%252foauth%252fauthorize%253fclient_key%253dc7d4ab07cd057078917fa76eabeea702%2526confirm_box%253d0%2526sid%253d200070%2526ur%253dhttps%253a%252f%252fnhac.vn%252fvega%252flogin%2526redirect_uri%253dhttps%2525253A%2525252F%2525252Fnhac.vn%2525252Fvega%2525252Flogin%26m%3d1%26continue%3dhttps%253a%252f%252fidgraph.vegaid.vn%252fOauth%252flogin%252f%26client_key%3dc7d4ab07cd057078917fa76eabeea702%26partner_id%3d0%26ref_code%3d%26player%3d%26device_id%3d%26app_id%3d0%26ads_campaign_id%3d0%26ads_channel_id%3d0%26platform%3d%26ios_version%3d, line 86: ReferenceError: $ is not defined
JavaScript warning: https://nhac.vn/min/serve/g/396b48f39cee84919f5dd05781995774/lm/1537839006, line 319: unreachable code after return statement
1539170735638	mozrunner::runner	INFO	Running command: "/usr/bin/firefox" "-marionette" "-foreground" "-no-remote" "-profile" "/tmp/rust_mozprofile.xC5Vh9CEWBIB"
1539170738271	Marionette	INFO	Listening on port 38247
1539170738416	Marionette	WARN	TLS certificate errors will be ignored for this session
JavaScript error: https://www.nhaccuatui.com/bai-hat/nham-mat-thay-mua-he-nham-mat-thay-mua-he-ost-nguyen-ha.btmm6eYyZzW4.html, line 1: ReferenceError: event is not defined
JavaScript error: https://www.nhaccuatui.com/bai-hat/nham-mat-thay-mua-he-nham-mat-thay-mua-he-ost-nguyen-ha.btmm6eYyZzW4.html, line 1: ReferenceError: event is not defined
JavaScript error: https://www.nhaccuatui.com/bai-hat/nham-mat-thay-mua-he-nham-mat-thay-mua-he-ost-nguyen-ha.btmm6eYyZzW4.html, line 1: ReferenceError: event is not defined
JavaScript error: https://apinas.nct.vn/v4/nqc?lk=CxvwEzK20HXjpNB0cyZ0a3Mhne3jcX60&type=4&, line 1: SyntaxError: unexpected token: ':'
JavaScript error: https://www.nhaccuatui.com/bai-hat/nham-mat-thay-mua-he-nham-mat-thay-mua-he-ost-nguyen-ha.btmm6eYyZzW4.html, line 1: ReferenceError: event is not defined
JavaScript error: https://www.nhaccuatui.com/bai-hat/nham-mat-thay-mua-he-nham-mat-thay-mua-he-ost-nguyen-ha.btmm6eYyZzW4.html, line 1: ReferenceError: event is not defined
JavaScript error: https://www.nhaccuatui.com/bai-hat/nham-mat-thay-mua-he-nham-mat-thay-mua-he-ost-nguyen-ha.btmm6eYyZzW4.html, line 1: ReferenceError: event is not defined
JavaScript error: https://www.nhaccuatui.com/bai-hat/nham-mat-thay-mua-he-nham-mat-thay-mua-he-ost-nguyen-ha.btmm6eYyZzW4.html, line 1: ReferenceError: event is not defined
JavaScript error: https://www.nhaccuatui.com/bai-hat/nham-mat-thay-mua-he-nham-mat-thay-mua-he-ost-nguyen-ha.btmm6eYyZzW4.html, line 1: ReferenceError: event is not defined
JavaScript error: https://www.nhaccuatui.com/bai-hat/nham-mat-thay-mua-he-nham-mat-thay-mua-he-ost-nguyen-ha.btmm6eYyZzW4.html, line 1: ReferenceError: event is not defined
JavaScript error: https://www.nhaccuatui.com/bai-hat/nham-mat-thay-mua-he-nham-mat-thay-mua-he-ost-nguyen-ha.btmm6eYyZzW4.html, line 1: ReferenceError: event is not defined
JavaScript error: https://www.nhaccuatui.com/bai-hat/nham-mat-thay-mua-he-nham-mat-thay-mua-he-ost-nguyen-ha.btmm6eYyZzW4.html, line 1: ReferenceError: event is not defined
JavaScript error: https://www.nhaccuatui.com/bai-hat/nham-mat-thay-mua-he-nham-mat-thay-mua-he-ost-nguyen-ha.btmm6eYyZzW4.html, line 1: ReferenceError: event is not defined
JavaScript error: https://www.nhaccuatui.com/bai-hat/nham-mat-thay-mua-he-nham-mat-thay-mua-he-ost-nguyen-ha.btmm6eYyZzW4.html, line 1: ReferenceError: event is not defined
JavaScript error: https://www.nhaccuatui.com/bai-hat/nham-mat-thay-mua-he-nham-mat-thay-mua-he-ost-nguyen-ha.btmm6eYyZzW4.html, line 1: ReferenceError: event is not defined
JavaScript error: https://www.nhaccuatui.com/bai-hat/nham-mat-thay-mua-he-nham-mat-thay-mua-he-ost-nguyen-ha.btmm6eYyZzW4.html, line 1: ReferenceError: event is not defined
JavaScript error: https://www.nhaccuatui.com/bai-hat/nham-mat-thay-mua-he-nham-mat-thay-mua-he-ost-nguyen-ha.btmm6eYyZzW4.html, line 1: ReferenceError: event is not defined
[Child 14463, MediaPlayback #2] WARNING: Decoder=7fb81e7c4600 state=DECODING_METADATA Decode metadata failed, shutting down decoder: file /build/firefox-SAtaq0/firefox-61.0.1+linuxmint1+tara/dom/media/MediaDecoderStateMachine.cpp, line 372
[Child 14463, MediaPlayback #2] WARNING: Decoder=7fb81e7c4600 Decode error: NS_ERROR_DOM_MEDIA_METADATA_ERR (0x806e0006): file /build/firefox-SAtaq0/firefox-61.0.1+linuxmint1+tara/dom/media/MediaDecoderStateMachine.cpp, line 3411
JavaScript error: https://www.nhaccuatui.com/bai-hat/xin-loi-acoustic-version-nguyen-ha.ltc1gUAj33Sd.html, line 1: ReferenceError: event is not defined

(/usr/lib/firefox/firefox:12790): dconf-WARNING **: 18:33:43.785: Unable to open /var/lib/flatpak/exports/share/dconf/profile/user: Permission denied
[Parent 14387, Gecko_IOThread] WARNING: pipe error (64): Connection reset by peer: file /build/firefox-SAtaq0/firefox-61.0.1+linuxmint1+tara/ipc/chromium/src/chrome/common/ipc_channel_posix.cc, line 353
[Parent 14096, Gecko_IOThread] WARNING: pipe error (108): Connection reset by peer: file /build/firefox-SAtaq0/firefox-61.0.1+linuxmint1+tara/ipc/chromium/src/chrome/common/ipc_channel_posix.cc, line 353
[Parent 14096, Gecko_IOThread] WARNING: pipe error (53): Connection reset by peer: file /build/firefox-SAtaq0/firefox-61.0.1+linuxmint1+tara/ipc/chromium/src/chrome/common/ipc_channel_posix.cc, line 353
[Child 12790, MediaPlayback #3] WARNING: Decoder=7fe5eabdb800 state=DECODING_METADATA Decode metadata failed, shutting down decoder: file /build/firefox-SAtaq0/firefox-61.0.1+linuxmint1+tara/dom/media/MediaDecoderStateMachine.cpp, line 372
[Child 12790, MediaPlayback #3] WARNING: Decoder=7fe5eabdb800 Decode error: NS_ERROR_DOM_MEDIA_METADATA_ERR (0x806e0006): file /build/firefox-SAtaq0/firefox-61.0.1+linuxmint1+tara/dom/media/MediaDecoderStateMachine.cpp, line 3411
